<?xml version="1.0" encoding="UTF-8" ?>
<testsuite tests="1" failures="0" name="com.soecode.lyf.util.HttpClientTest" time="5.161" errors="1" skipped="0">
  <properties>
    <property name="idea.version" value="2017.2.1"/>
    <property name="java.runtime.name" value="Java(TM) SE Runtime Environment"/>
    <property name="sun.boot.library.path" value="E:\java\jdk1.8.0_152\jre\bin"/>
    <property name="java.vm.version" value="25.152-b16"/>
    <property name="java.vm.vendor" value="Oracle Corporation"/>
    <property name="maven.multiModuleProjectDirectory" value="D:\tts9\workspace\ssm-master"/>
    <property name="java.vendor.url" value="http://java.oracle.com/"/>
    <property name="path.separator" value=";"/>
    <property name="guice.disable.misplaced.annotation.check" value="true"/>
    <property name="java.vm.name" value="Java HotSpot(TM) Client VM"/>
    <property name="file.encoding.pkg" value="sun.io"/>
    <property name="user.script" value=""/>
    <property name="user.country" value="CN"/>
    <property name="sun.java.launcher" value="SUN_STANDARD"/>
    <property name="sun.os.patch.level" value="Service Pack 1"/>
    <property name="java.vm.specification.name" value="Java Virtual Machine Specification"/>
    <property name="user.dir" value="D:\tts9\workspace\ssm-master"/>
    <property name="java.runtime.version" value="1.8.0_152-b16"/>
    <property name="java.awt.graphicsenv" value="sun.awt.Win32GraphicsEnvironment"/>
    <property name="java.endorsed.dirs" value="E:\java\jdk1.8.0_152\jre\lib\endorsed"/>
    <property name="os.arch" value="x86"/>
    <property name="java.io.tmpdir" value="C:\Users\ADMINI~1\AppData\Local\Temp\"/>
    <property name="line.separator" value="
"/>
    <property name="java.vm.specification.vendor" value="Oracle Corporation"/>
    <property name="user.variant" value=""/>
    <property name="os.name" value="Windows 7"/>
    <property name="classworlds.conf" value="E:\tts9\apache-maven-3.3.9\bin\m2.conf"/>
    <property name="sun.jnu.encoding" value="GBK"/>
    <property name="java.library.path" value="E:\java\jdk1.8.0_152\bin;C:\Windows\Sun\Java\bin;C:\Windows\system32;C:\Windows;C:\ProgramData\Oracle\Java\javapath;C:\Windows\system32;C:\Windows;C:\Windows\System32\Wbem;C:\Windows\System32\WindowsPowerShell\v1.0\;E:\java\jdk1.8.0_152\bin;E:\java\jdk1.8.0_152\jre\bin;C:\Program Files\MongoDB\Server\3.2\bin;C:\Program Files\MySQL\MySQL Server 5.5\bin;E:\Git\cmd;D:\ucEdit;E:\tts9\apache-maven-3.3.9\bin;C:\Users\Administrator\AppData\Local\Programs\Fiddler;."/>
    <property name="java.specification.name" value="Java Platform API Specification"/>
    <property name="java.class.version" value="52.0"/>
    <property name="sun.management.compiler" value="HotSpot Client Compiler"/>
    <property name="os.version" value="6.1"/>
    <property name="user.home" value="C:\Users\Administrator"/>
    <property name="user.timezone" value="Asia/Shanghai"/>
    <property name="java.awt.printerjob" value="sun.awt.windows.WPrinterJob"/>
    <property name="java.specification.version" value="1.8"/>
    <property name="file.encoding" value="UTF-8"/>
    <property name="user.name" value="Administrator"/>
    <property name="java.class.path" value="E:\tts9\apache-maven-3.3.9\boot\plexus-classworlds-2.5.2.jar;E:\idea\IntelliJ IDEA 2017.2.1\lib\idea_rt.jar"/>
    <property name="java.vm.specification.version" value="1.8"/>
    <property name="sun.arch.data.model" value="32"/>
    <property name="java.home" value="E:\java\jdk1.8.0_152\jre"/>
    <property name="sun.java.command" value="org.codehaus.classworlds.Launcher -Didea.version=2017.2.1 -s E:\tts9\apache-maven-3.3.9\conf\settings-ali.xml clean validate compile test package verify"/>
    <property name="java.specification.vendor" value="Oracle Corporation"/>
    <property name="user.language" value="zh"/>
    <property name="awt.toolkit" value="sun.awt.windows.WToolkit"/>
    <property name="java.vm.info" value="mixed mode"/>
    <property name="java.version" value="1.8.0_152"/>
    <property name="java.ext.dirs" value="E:\java\jdk1.8.0_152\jre\lib\ext;C:\Windows\Sun\Java\lib\ext"/>
    <property name="sun.boot.class.path" value="E:\java\jdk1.8.0_152\jre\lib\resources.jar;E:\java\jdk1.8.0_152\jre\lib\rt.jar;E:\java\jdk1.8.0_152\jre\lib\sunrsasign.jar;E:\java\jdk1.8.0_152\jre\lib\jsse.jar;E:\java\jdk1.8.0_152\jre\lib\jce.jar;E:\java\jdk1.8.0_152\jre\lib\charsets.jar;E:\java\jdk1.8.0_152\jre\lib\jfr.jar;E:\java\jdk1.8.0_152\jre\classes"/>
    <property name="java.vendor" value="Oracle Corporation"/>
    <property name="maven.home" value="E:\tts9\apache-maven-3.3.9"/>
    <property name="file.separator" value="\"/>
    <property name="java.vendor.url.bug" value="http://bugreport.sun.com/bugreport/"/>
    <property name="sun.cpu.endian" value="little"/>
    <property name="sun.io.unicode.encoding" value="UnicodeLittle"/>
    <property name="sun.desktop" value="windows"/>
    <property name="sun.cpu.isalist" value="pentium_pro+mmx pentium_pro pentium+mmx pentium i486 i386 i86"/>
  </properties>
  <testcase classname="com.soecode.lyf.util.HttpClientTest" name="test1" time="5.161">
    <error message="Connect to 10.230.21.133:8180 [/10.230.21.133] failed: connect timed out" type="org.apache.http.conn.ConnectTimeoutException">org.apache.http.conn.ConnectTimeoutException: Connect to 10.230.21.133:8180 [/10.230.21.133] failed: connect timed out
	at org.apache.http.impl.conn.DefaultHttpClientConnectionOperator.connect(DefaultHttpClientConnectionOperator.java:143)
	at org.apache.http.impl.conn.PoolingHttpClientConnectionManager.connect(PoolingHttpClientConnectionManager.java:353)
	at org.apache.http.impl.execchain.MainClientExec.establishRoute(MainClientExec.java:380)
	at org.apache.http.impl.execchain.MainClientExec.execute(MainClientExec.java:236)
	at org.apache.http.impl.execchain.ProtocolExec.execute(ProtocolExec.java:184)
	at org.apache.http.impl.execchain.RetryExec.execute(RetryExec.java:88)
	at org.apache.http.impl.execchain.RedirectExec.execute(RedirectExec.java:110)
	at org.apache.http.impl.client.InternalHttpClient.doExecute(InternalHttpClient.java:184)
	at org.apache.http.impl.client.CloseableHttpClient.execute(CloseableHttpClient.java:82)
	at org.apache.http.impl.client.CloseableHttpClient.execute(CloseableHttpClient.java:107)
	at com.soecode.lyf.util.HttpClientOperate.doPost(HttpClientOperate.java:127)
	at com.soecode.lyf.util.HttpClientOperate.doPost(HttpClientOperate.java:189)
	at com.soecode.lyf.util.HttpClientTest.test1(HttpClientTest.java:32)
	at sun.reflect.NativeMethodAccessorImpl.invoke0(Native Method)
	at sun.reflect.NativeMethodAccessorImpl.invoke(NativeMethodAccessorImpl.java:62)
	at sun.reflect.DelegatingMethodAccessorImpl.invoke(DelegatingMethodAccessorImpl.java:43)
	at java.lang.reflect.Method.invoke(Method.java:498)
	at org.junit.runners.model.FrameworkMethod$1.runReflectiveCall(FrameworkMethod.java:47)
	at org.junit.internal.runners.model.ReflectiveCallable.run(ReflectiveCallable.java:12)
	at org.junit.runners.model.FrameworkMethod.invokeExplosively(FrameworkMethod.java:44)
	at org.junit.internal.runners.statements.InvokeMethod.evaluate(InvokeMethod.java:17)
	at org.springframework.test.context.junit4.statements.RunBeforeTestMethodCallbacks.evaluate(RunBeforeTestMethodCallbacks.java:73)
	at org.springframework.test.context.junit4.statements.RunAfterTestMethodCallbacks.evaluate(RunAfterTestMethodCallbacks.java:82)
	at org.springframework.test.context.junit4.statements.SpringRepeat.evaluate(SpringRepeat.java:73)
	at org.junit.runners.ParentRunner.runLeaf(ParentRunner.java:271)
	at org.springframework.test.context.junit4.SpringJUnit4ClassRunner.runChild(SpringJUnit4ClassRunner.java:224)
	at org.springframework.test.context.junit4.SpringJUnit4ClassRunner.runChild(SpringJUnit4ClassRunner.java:83)
	at org.junit.runners.ParentRunner$3.run(ParentRunner.java:238)
	at org.junit.runners.ParentRunner$1.schedule(ParentRunner.java:63)
	at org.junit.runners.ParentRunner.runChildren(ParentRunner.java:236)
	at org.junit.runners.ParentRunner.access$000(ParentRunner.java:53)
	at org.junit.runners.ParentRunner$2.evaluate(ParentRunner.java:229)
	at org.springframework.test.context.junit4.statements.RunBeforeTestClassCallbacks.evaluate(RunBeforeTestClassCallbacks.java:61)
	at org.springframework.test.context.junit4.statements.RunAfterTestClassCallbacks.evaluate(RunAfterTestClassCallbacks.java:68)
	at org.junit.runners.ParentRunner.run(ParentRunner.java:309)
	at org.springframework.test.context.junit4.SpringJUnit4ClassRunner.run(SpringJUnit4ClassRunner.java:163)
	at org.apache.maven.surefire.junit4.JUnit4Provider.execute(JUnit4Provider.java:252)
	at org.apache.maven.surefire.junit4.JUnit4Provider.executeTestSet(JUnit4Provider.java:141)
	at org.apache.maven.surefire.junit4.JUnit4Provider.invoke(JUnit4Provider.java:112)
	at sun.reflect.NativeMethodAccessorImpl.invoke0(Native Method)
	at sun.reflect.NativeMethodAccessorImpl.invoke(NativeMethodAccessorImpl.java:62)
	at sun.reflect.DelegatingMethodAccessorImpl.invoke(DelegatingMethodAccessorImpl.java:43)
	at java.lang.reflect.Method.invoke(Method.java:498)
	at org.apache.maven.surefire.util.ReflectionUtils.invokeMethodWithArray(ReflectionUtils.java:189)
	at org.apache.maven.surefire.booter.ProviderFactory$ProviderProxy.invoke(ProviderFactory.java:165)
	at org.apache.maven.surefire.booter.ProviderFactory.invokeProvider(ProviderFactory.java:85)
	at org.apache.maven.surefire.booter.ForkedBooter.runSuitesInProcess(ForkedBooter.java:115)
	at org.apache.maven.surefire.booter.ForkedBooter.main(ForkedBooter.java:75)
Caused by: java.net.SocketTimeoutException: connect timed out
	at java.net.DualStackPlainSocketImpl.waitForConnect(Native Method)
	at java.net.DualStackPlainSocketImpl.socketConnect(DualStackPlainSocketImpl.java:85)
	at java.net.AbstractPlainSocketImpl.doConnect(AbstractPlainSocketImpl.java:350)
	at java.net.AbstractPlainSocketImpl.connectToAddress(AbstractPlainSocketImpl.java:206)
	at java.net.AbstractPlainSocketImpl.connect(AbstractPlainSocketImpl.java:188)
	at java.net.PlainSocketImpl.connect(PlainSocketImpl.java:172)
	at java.net.SocksSocketImpl.connect(SocksSocketImpl.java:392)
	at java.net.Socket.connect(Socket.java:589)
	at org.apache.http.conn.socket.PlainConnectionSocketFactory.connectSocket(PlainConnectionSocketFactory.java:74)
	at org.apache.http.impl.conn.DefaultHttpClientConnectionOperator.connect(DefaultHttpClientConnectionOperator.java:134)
	... 47 more
</error>
    <system-out>&lt;!DOCTYPE html&gt;
&lt;!--STATUS OK--&gt;&lt;html&gt; &lt;head&gt;&lt;meta http-equiv=content-type content=text/html;charset=utf-8&gt;&lt;meta http-equiv=X-UA-Compatible content=IE=Edge&gt;&lt;meta content=always name=referrer&gt;&lt;link rel=stylesheet type=text/css href=http://s1.bdstatic.com/r/www/cache/bdorz/baidu.min.css&gt;&lt;title&gt;�ٶ�һ�£����֪��&lt;/title&gt;&lt;/head&gt; &lt;body link=#0000cc&gt; &lt;div id=wrapper&gt; &lt;div id=head&gt; &lt;div class=head_wrapper&gt; &lt;div class=s_form&gt; &lt;div class=s_form_wrapper&gt; &lt;div id=lg&gt; &lt;img hidefocus=true src=//www.baidu.com/img/bd_logo1.png width=270 height=129&gt; &lt;/div&gt; &lt;form id=form name=f action=//www.baidu.com/s class=fm&gt; &lt;input type=hidden name=bdorz_come value=1&gt; &lt;input type=hidden name=ie value=utf-8&gt; &lt;input type=hidden name=f value=8&gt; &lt;input type=hidden name=rsv_bp value=1&gt; &lt;input type=hidden name=rsv_idx value=1&gt; &lt;input type=hidden name=tn value=baidu&gt;&lt;span class=&quot;bg s_ipt_wr&quot;&gt;&lt;input id=kw name=wd class=s_ipt value maxlength=255 autocomplete=off autofocus&gt;&lt;/span&gt;&lt;span class=&quot;bg s_btn_wr&quot;&gt;&lt;input type=submit id=su value=�ٶ�һ�� class=&quot;bg s_btn&quot;&gt;&lt;/span&gt; &lt;/form&gt; &lt;/div&gt; &lt;/div&gt; &lt;div id=u1&gt; &lt;a href=http://news.baidu.com name=tj_trnews class=mnav&gt;����&lt;/a&gt; &lt;a href=http://www.hao123.com name=tj_trhao123 class=mnav&gt;hao123&lt;/a&gt; &lt;a href=http://map.baidu.com name=tj_trmap class=mnav&gt;��ͼ&lt;/a&gt; &lt;a href=http://v.baidu.com name=tj_trvideo class=mnav&gt;��Ƶ&lt;/a&gt; &lt;a href=http://tieba.baidu.com name=tj_trtieba class=mnav&gt;����&lt;/a&gt; &lt;noscript&gt; &lt;a href=http://www.baidu.com/bdorz/login.gif?login&amp;amp;tpl=mn&amp;amp;u=http%3A%2F%2Fwww.baidu.com%2f%3fbdorz_come%3d1 name=tj_login class=lb&gt;��¼&lt;/a&gt; &lt;/noscript&gt; &lt;script&gt;document.write(&apos;&lt;a href=&quot;http://www.baidu.com/bdorz/login.gif?login&amp;tpl=mn&amp;u=&apos;+ encodeURIComponent(window.location.href+ (window.location.search === &quot;&quot; ? &quot;?&quot; : &quot;&amp;&quot;)+ &quot;bdorz_come=1&quot;)+ &apos;&quot; name=&quot;tj_login&quot; class=&quot;lb&quot;&gt;��¼&lt;/a&gt;&apos;);&lt;/script&gt; &lt;a href=//www.baidu.com/more/ name=tj_briicon class=bri style=&quot;display: block;&quot;&gt;�����Ʒ&lt;/a&gt; &lt;/div&gt; &lt;/div&gt; &lt;/div&gt; &lt;div id=ftCon&gt; &lt;div id=ftConw&gt; &lt;p id=lh&gt; &lt;a href=http://home.baidu.com&gt;���ڰٶ�&lt;/a&gt; &lt;a href=http://ir.baidu.com&gt;About Baidu&lt;/a&gt; &lt;/p&gt; &lt;p id=cp&gt;&amp;copy;2017&amp;nbsp;Baidu&amp;nbsp;&lt;a href=http://www.baidu.com/duty/&gt;ʹ�ðٶ�ǰ�ض�&lt;/a&gt;&amp;nbsp; &lt;a href=http://jianyi.baidu.com/ class=cp-feedback&gt;�������&lt;/a&gt;&amp;nbsp;��ICP֤030173��&amp;nbsp; &lt;img src=//www.baidu.com/img/gs.gif&gt; &lt;/p&gt; &lt;/div&gt; &lt;/div&gt; &lt;/div&gt; &lt;/body&gt; &lt;/html&gt;

&lt;!DOCTYPE html&gt;
&lt;!--STATUS OK--&gt;&lt;html&gt; &lt;head&gt;&lt;meta http-equiv=content-type content=text/html;charset=utf-8&gt;&lt;meta http-equiv=X-UA-Compatible content=IE=Edge&gt;&lt;meta content=always name=referrer&gt;&lt;link rel=stylesheet type=text/css href=http://s1.bdstatic.com/r/www/cache/bdorz/baidu.min.css&gt;&lt;title&gt;�ٶ�һ�£����֪��&lt;/title&gt;&lt;/head&gt; &lt;body link=#0000cc&gt; &lt;div id=wrapper&gt; &lt;div id=head&gt; &lt;div class=head_wrapper&gt; &lt;div class=s_form&gt; &lt;div class=s_form_wrapper&gt; &lt;div id=lg&gt; &lt;img hidefocus=true src=//www.baidu.com/img/bd_logo1.png width=270 height=129&gt; &lt;/div&gt; &lt;form id=form name=f action=//www.baidu.com/s class=fm&gt; &lt;input type=hidden name=bdorz_come value=1&gt; &lt;input type=hidden name=ie value=utf-8&gt; &lt;input type=hidden name=f value=8&gt; &lt;input type=hidden name=rsv_bp value=1&gt; &lt;input type=hidden name=rsv_idx value=1&gt; &lt;input type=hidden name=tn value=baidu&gt;&lt;span class=&quot;bg s_ipt_wr&quot;&gt;&lt;input id=kw name=wd class=s_ipt value maxlength=255 autocomplete=off autofocus&gt;&lt;/span&gt;&lt;span class=&quot;bg s_btn_wr&quot;&gt;&lt;input type=submit id=su value=�ٶ�һ�� class=&quot;bg s_btn&quot;&gt;&lt;/span&gt; &lt;/form&gt; &lt;/div&gt; &lt;/div&gt; &lt;div id=u1&gt; &lt;a href=http://news.baidu.com name=tj_trnews class=mnav&gt;����&lt;/a&gt; &lt;a href=http://www.hao123.com name=tj_trhao123 class=mnav&gt;hao123&lt;/a&gt; &lt;a href=http://map.baidu.com name=tj_trmap class=mnav&gt;��ͼ&lt;/a&gt; &lt;a href=http://v.baidu.com name=tj_trvideo class=mnav&gt;��Ƶ&lt;/a&gt; &lt;a href=http://tieba.baidu.com name=tj_trtieba class=mnav&gt;����&lt;/a&gt; &lt;noscript&gt; &lt;a href=http://www.baidu.com/bdorz/login.gif?login&amp;amp;tpl=mn&amp;amp;u=http%3A%2F%2Fwww.baidu.com%2f%3fbdorz_come%3d1 name=tj_login class=lb&gt;��¼&lt;/a&gt; &lt;/noscript&gt; &lt;script&gt;document.write(&apos;&lt;a href=&quot;http://www.baidu.com/bdorz/login.gif?login&amp;tpl=mn&amp;u=&apos;+ encodeURIComponent(window.location.href+ (window.location.search === &quot;&quot; ? &quot;?&quot; : &quot;&amp;&quot;)+ &quot;bdorz_come=1&quot;)+ &apos;&quot; name=&quot;tj_login&quot; class=&quot;lb&quot;&gt;��¼&lt;/a&gt;&apos;);&lt;/script&gt; &lt;a href=//www.baidu.com/more/ name=tj_briicon class=bri style=&quot;display: block;&quot;&gt;�����Ʒ&lt;/a&gt; &lt;/div&gt; &lt;/div&gt; &lt;/div&gt; &lt;div id=ftCon&gt; &lt;div id=ftConw&gt; &lt;p id=lh&gt; &lt;a href=http://home.baidu.com&gt;���ڰٶ�&lt;/a&gt; &lt;a href=http://ir.baidu.com&gt;About Baidu&lt;/a&gt; &lt;/p&gt; &lt;p id=cp&gt;&amp;copy;2017&amp;nbsp;Baidu&amp;nbsp;&lt;a href=http://www.baidu.com/duty/&gt;ʹ�ðٶ�ǰ�ض�&lt;/a&gt;&amp;nbsp; &lt;a href=http://jianyi.baidu.com/ class=cp-feedback&gt;�������&lt;/a&gt;&amp;nbsp;��ICP֤030173��&amp;nbsp; &lt;img src=//www.baidu.com/img/gs.gif&gt; &lt;/p&gt; &lt;/div&gt; &lt;/div&gt; &lt;/div&gt; &lt;/body&gt; &lt;/html&gt;

</system-out>
    <system-err>���� 31, 2018 3:40:10 ���� org.springframework.test.context.support.DefaultTestContextBootstrapper getDefaultTestExecutionListenerClassNames
��Ϣ: Loaded default TestExecutionListener class names from location [META-INF/spring.factories]: [org.springframework.test.context.web.ServletTestExecutionListener, org.springframework.test.context.support.DependencyInjectionTestExecutionListener, org.springframework.test.context.support.DirtiesContextTestExecutionListener, org.springframework.test.context.transaction.TransactionalTestExecutionListener, org.springframework.test.context.jdbc.SqlScriptsTestExecutionListener]
���� 31, 2018 3:40:10 ���� org.springframework.test.context.support.DefaultTestContextBootstrapper getTestExecutionListeners
��Ϣ: Using TestExecutionListeners: [org.springframework.test.context.web.ServletTestExecutionListener@194089b, org.springframework.test.context.support.DependencyInjectionTestExecutionListener@a20101, org.springframework.test.context.support.DirtiesContextTestExecutionListener@7f9738, org.springframework.test.context.transaction.TransactionalTestExecutionListener@155d082, org.springframework.test.context.jdbc.SqlScriptsTestExecutionListener@5ecce3]
���� 31, 2018 3:40:10 ���� org.springframework.beans.factory.xml.XmlBeanDefinitionReader loadBeanDefinitions
��Ϣ: Loading XML bean definitions from class path resource [spring/spring-httpclient.xml]
���� 31, 2018 3:40:10 ���� org.springframework.context.support.GenericApplicationContext prepareRefresh
��Ϣ: Refreshing org.springframework.context.support.GenericApplicationContext@1868a0: startup date [Sat Mar 31 15:40:10 CST 2018]; root of context hierarchy
���� 31, 2018 3:40:10 ���� org.springframework.context.support.PropertySourcesPlaceholderConfigurer loadProperties
��Ϣ: Loading properties file from class path resource [httpclient.properties]
</system-err>
  </testcase>
</testsuite>